E:\1_PROGRAMMING\GAMEDIRECTX\DIRECT3DENGINE\DIRECT3DENGINE\DEBUG\DIRECT3DENGINE.PCH
E:\1_PROGRAMMING\GAMEDIRECTX\DIRECT3DENGINE\DIRECT3DENGINE\DEBUG\STDAFX.OBJ
E:\1_PROGRAMMING\GAMEDIRECTX\DIRECT3DENGINE\DIRECT3DENGINE\DEBUG\VC110.PDB
E:\1_PROGRAMMING\GAMEDIRECTX\DIRECT3DENGINE\DIRECT3DENGINE\DEBUG\MAP_GROUND.OBJ
E:\1_PROGRAMMING\GAMEDIRECTX\DIRECT3DENGINE\DIRECT3DENGINE\DEBUG\DIRECT3DENGINE.OBJ
E:\1_PROGRAMMING\GAMEDIRECTX\DIRECT3DENGINE\DIRECT3DENGINE\DEBUG\ASSEMBLYINFO.OBJ
E:\1_Programming\gameDirectX\Direct3DEngine\Direct3DEngine\Debug\Direct3DEngine.Form1.resources
E:\1_Programming\gameDirectX\Direct3DEngine\Direct3DEngine\Debug\AssemblyInfo.obj
E:\1_Programming\gameDirectX\Direct3DEngine\Direct3DEngine\Debug\Direct3DEngine.obj
E:\1_Programming\gameDirectX\Direct3DEngine\Direct3DEngine\Debug\Map_Ground.obj
E:\1_Programming\gameDirectX\Direct3DEngine\Direct3DEngine\Debug\stdafx.obj
E:\1_Programming\gameDirectX\Direct3DEngine\Direct3DEngine\Debug\cl.command.1.tlog
E:\1_Programming\gameDirectX\Direct3DEngine\Direct3DEngine\Debug\CL.read.1.tlog
E:\1_Programming\gameDirectX\Direct3DEngine\Direct3DEngine\Debug\CL.write.1.tlog
E:\1_Programming\gameDirectX\Direct3DEngine\Direct3DEngine\Debug\Direct3DEngine.write.1.tlog
E:\1_Programming\gameDirectX\Direct3DEngine\Direct3DEngine\Debug\metagen.write.1.tlog
E:\1_Programming\gameDirectX\Direct3DEngine\Direct3DEngine\Debug\Direct3DEngine.pch
E:\1_Programming\gameDirectX\Direct3DEngine\Direct3DEngine\Debug\vc110.pdb
E:\1_Programming\gameDirectX\Direct3DEngine\Direct3DEngine\Debug\AssemblyInfo.cpp.nativecodeanalysis.xml
E:\1_Programming\gameDirectX\Direct3DEngine\Direct3DEngine\Debug\Direct3DEngine.cpp.nativecodeanalysis.xml
E:\1_Programming\gameDirectX\Direct3DEngine\Direct3DEngine\Debug\Map_Ground.cpp.nativecodeanalysis.xml
E:\1_Programming\gameDirectX\Direct3DEngine\Direct3DEngine\Debug\stdafx.cpp.nativecodeanalysis.xml
