Build started 22.04.2013 21:19:02.
     1>Project "E:\1_Programming\gameDirectX\Direct3DEngine\Direct3DEngine\Direct3DEngine.vcxproj" on node 2 (Build target(s)).
     1>ClCompile:
         C:\Program Files (x86)\Microsoft Visual Studio 11.0\VC\bin\CL.exe /c /AI"C:\Program Files (x86)\Reference Assemblies\Microsoft\Framework\.NETFramework\v4.5\\" /AI"C:\Program Files (x86)\Windows Kits\8.0\References\CommonConfiguration\Neutral" /AI"C:\Program Files (x86)\Reference Assemblies\Microsoft\Framework\.NETFramework\v4.5\Facades\\" /Zi /clr:pure /nologo /W3 /WX- /Od /Oy- /D WIN32 /D _DEBUG /D _UNICODE /D UNICODE /EHa /MDd /GS /fp:precise /Zc:wchar_t /Zc:forScope /Yu"stdafx.h" /Fp"Debug\Direct3DEngine.pch" /Fo"Debug\\" /Fd"Debug\vc110.pdb" /TP /FU"C:\Program Files (x86)\Reference Assemblies\Microsoft\Framework\.NETFramework\v4.5\mscorlib.dll" /FU"C:\Program Files (x86)\Reference Assemblies\Microsoft\Framework\.NETFramework\v4.5\System.Data.dll" /FU"C:\Program Files (x86)\Reference Assemblies\Microsoft\Framework\.NETFramework\v4.5\System.dll" /FU"C:\Program Files (x86)\Reference Assemblies\Microsoft\Framework\.NETFramework\v4.5\System.Drawing.dll" /FU"C:\Program Files (x86)\Reference Assemblies\Microsoft\Framework\.NETFramework\v4.5\System.Windows.Forms.dll" /FU"C:\Program Files (x86)\Reference Assemblies\Microsoft\Framework\.NETFramework\v4.5\System.Xml.dll" /analyze- /errorReport:prompt /clr:nostdlib D3DObject.cpp
         D3DObject.cpp
         C:\Program Files (x86)\Microsoft Visual Studio 11.0\VC\include\dinput.h: DIRECTINPUT_VERSION undefined. Defaulting to version 0x0800
     1>c:\program files (x86)\microsoft visual studio 11.0\vc\include\dxgitype.h(12): warning C4005: DXGI_STATUS_OCCLUDED: изменение макроопределения
                 C:\Program Files (x86)\Windows Kits\8.0\Include\shared\winerror.h(49449): см. предыдущее определение "DXGI_STATUS_OCCLUDED"
     1>c:\program files (x86)\microsoft visual studio 11.0\vc\include\dxgitype.h(13): warning C4005: DXGI_STATUS_CLIPPED: изменение макроопределения
                 C:\Program Files (x86)\Windows Kits\8.0\Include\shared\winerror.h(49458): см. предыдущее определение "DXGI_STATUS_CLIPPED"
     1>c:\program files (x86)\microsoft visual studio 11.0\vc\include\dxgitype.h(14): warning C4005: DXGI_STATUS_NO_REDIRECTION: изменение макроопределения
                 C:\Program Files (x86)\Windows Kits\8.0\Include\shared\winerror.h(49467): см. предыдущее определение "DXGI_STATUS_NO_REDIRECTION"
     1>c:\program files (x86)\microsoft visual studio 11.0\vc\include\dxgitype.h(15): warning C4005: DXGI_STATUS_NO_DESKTOP_ACCESS: изменение макроопределения
                 C:\Program Files (x86)\Windows Kits\8.0\Include\shared\winerror.h(49476): см. предыдущее определение "DXGI_STATUS_NO_DESKTOP_ACCESS"
     1>c:\program files (x86)\microsoft visual studio 11.0\vc\include\dxgitype.h(16): warning C4005: DXGI_STATUS_GRAPHICS_VIDPN_SOURCE_IN_USE: изменение макроопределения
                 C:\Program Files (x86)\Windows Kits\8.0\Include\shared\winerror.h(49485): см. предыдущее определение "DXGI_STATUS_GRAPHICS_VIDPN_SOURCE_IN_USE"
     1>c:\program files (x86)\microsoft visual studio 11.0\vc\include\dxgitype.h(17): warning C4005: DXGI_STATUS_MODE_CHANGED: изменение макроопределения
                 C:\Program Files (x86)\Windows Kits\8.0\Include\shared\winerror.h(49494): см. предыдущее определение "DXGI_STATUS_MODE_CHANGED"
     1>c:\program files (x86)\microsoft visual studio 11.0\vc\include\dxgitype.h(18): warning C4005: DXGI_STATUS_MODE_CHANGE_IN_PROGRESS: изменение макроопределения
                 C:\Program Files (x86)\Windows Kits\8.0\Include\shared\winerror.h(49503): см. предыдущее определение "DXGI_STATUS_MODE_CHANGE_IN_PROGRESS"
     1>c:\program files (x86)\microsoft visual studio 11.0\vc\include\dxgitype.h(21): warning C4005: DXGI_ERROR_INVALID_CALL: изменение макроопределения
                 C:\Program Files (x86)\Windows Kits\8.0\Include\shared\winerror.h(49518): см. предыдущее определение "DXGI_ERROR_INVALID_CALL"
     1>c:\program files (x86)\microsoft visual studio 11.0\vc\include\dxgitype.h(22): warning C4005: DXGI_ERROR_NOT_FOUND: изменение макроопределения
                 C:\Program Files (x86)\Windows Kits\8.0\Include\shared\winerror.h(49527): см. предыдущее определение "DXGI_ERROR_NOT_FOUND"
     1>c:\program files (x86)\microsoft visual studio 11.0\vc\include\dxgitype.h(23): warning C4005: DXGI_ERROR_MORE_DATA: изменение макроопределения
                 C:\Program Files (x86)\Windows Kits\8.0\Include\shared\winerror.h(49536): см. предыдущее определение "DXGI_ERROR_MORE_DATA"
     1>c:\program files (x86)\microsoft visual studio 11.0\vc\include\dxgitype.h(24): warning C4005: DXGI_ERROR_UNSUPPORTED: изменение макроопределения
                 C:\Program Files (x86)\Windows Kits\8.0\Include\shared\winerror.h(49545): см. предыдущее определение "DXGI_ERROR_UNSUPPORTED"
     1>c:\program files (x86)\microsoft visual studio 11.0\vc\include\dxgitype.h(25): warning C4005: DXGI_ERROR_DEVICE_REMOVED: изменение макроопределения
                 C:\Program Files (x86)\Windows Kits\8.0\Include\shared\winerror.h(49554): см. предыдущее определение "DXGI_ERROR_DEVICE_REMOVED"
     1>c:\program files (x86)\microsoft visual studio 11.0\vc\include\dxgitype.h(26): warning C4005: DXGI_ERROR_DEVICE_HUNG: изменение макроопределения
                 C:\Program Files (x86)\Windows Kits\8.0\Include\shared\winerror.h(49563): см. предыдущее определение "DXGI_ERROR_DEVICE_HUNG"
     1>c:\program files (x86)\microsoft visual studio 11.0\vc\include\dxgitype.h(27): warning C4005: DXGI_ERROR_DEVICE_RESET: изменение макроопределения
                 C:\Program Files (x86)\Windows Kits\8.0\Include\shared\winerror.h(49573): см. предыдущее определение "DXGI_ERROR_DEVICE_RESET"
     1>c:\program files (x86)\microsoft visual studio 11.0\vc\include\dxgitype.h(28): warning C4005: DXGI_ERROR_WAS_STILL_DRAWING: изменение макроопределения
                 C:\Program Files (x86)\Windows Kits\8.0\Include\shared\winerror.h(49582): см. предыдущее определение "DXGI_ERROR_WAS_STILL_DRAWING"
     1>c:\program files (x86)\microsoft visual studio 11.0\vc\include\dxgitype.h(29): warning C4005: DXGI_ERROR_FRAME_STATISTICS_DISJOINT: изменение макроопределения
                 C:\Program Files (x86)\Windows Kits\8.0\Include\shared\winerror.h(49592): см. предыдущее определение "DXGI_ERROR_FRAME_STATISTICS_DISJOINT"
     1>c:\program files (x86)\microsoft visual studio 11.0\vc\include\dxgitype.h(30): warning C4005: DXGI_ERROR_GRAPHICS_VIDPN_SOURCE_IN_USE: изменение макроопределения
                 C:\Program Files (x86)\Windows Kits\8.0\Include\shared\winerror.h(49601): см. предыдущее определение "DXGI_ERROR_GRAPHICS_VIDPN_SOURCE_IN_USE"
     1>c:\program files (x86)\microsoft visual studio 11.0\vc\include\dxgitype.h(31): warning C4005: DXGI_ERROR_DRIVER_INTERNAL_ERROR: изменение макроопределения
                 C:\Program Files (x86)\Windows Kits\8.0\Include\shared\winerror.h(49611): см. предыдущее определение "DXGI_ERROR_DRIVER_INTERNAL_ERROR"
     1>c:\program files (x86)\microsoft visual studio 11.0\vc\include\dxgitype.h(32): warning C4005: DXGI_ERROR_NONEXCLUSIVE: изменение макроопределения
                 C:\Program Files (x86)\Windows Kits\8.0\Include\shared\winerror.h(49620): см. предыдущее определение "DXGI_ERROR_NONEXCLUSIVE"
     1>c:\program files (x86)\microsoft visual studio 11.0\vc\include\dxgitype.h(33): warning C4005: DXGI_ERROR_NOT_CURRENTLY_AVAILABLE: изменение макроопределения
                 C:\Program Files (x86)\Windows Kits\8.0\Include\shared\winerror.h(49629): см. предыдущее определение "DXGI_ERROR_NOT_CURRENTLY_AVAILABLE"
     1>c:\program files (x86)\microsoft visual studio 11.0\vc\include\dxgitype.h(34): warning C4005: DXGI_ERROR_REMOTE_CLIENT_DISCONNECTED: изменение макроопределения
                 C:\Program Files (x86)\Windows Kits\8.0\Include\shared\winerror.h(49639): см. предыдущее определение "DXGI_ERROR_REMOTE_CLIENT_DISCONNECTED"
     1>c:\program files (x86)\microsoft visual studio 11.0\vc\include\dxgitype.h(35): warning C4005: DXGI_ERROR_REMOTE_OUTOFMEMORY: изменение макроопределения
                 C:\Program Files (x86)\Windows Kits\8.0\Include\shared\winerror.h(49648): см. предыдущее определение "DXGI_ERROR_REMOTE_OUTOFMEMORY"
     1>D3DObject.cpp(142): warning C4101: buffer: неиспользованная локальная переменная
       Link:
         C:\Program Files (x86)\Microsoft Visual Studio 11.0\VC\bin\link.exe /ERRORREPORT:PROMPT /OUT:"E:\1_Programming\gameDirectX\Direct3DEngine\Debug\Direct3DEngine.exe" /INCREMENTAL /NOLOGO /LIBPATH:"C:\Program Files (x86)\Microsoft DirectX SDK (June 2010)\Include" /LIBPATH:"C:\Program Files (x86)\Microsoft DirectX SDK (June 2010)\Lib\x86" kernel32.lib user32.lib advapi32.lib d3d9.lib d3dx9.lib dinput8.lib dxguid.lib /ASSEMBLYRESOURCE:Debug\Direct3DEngine.Form1.resources /MANIFEST /MANIFESTUAC:"level='asInvoker' uiAccess='false'" /manifest:embed /DEBUG /PDB:"E:\1_Programming\gameDirectX\Direct3DEngine\Debug\Direct3DEngine.pdb" /ASSEMBLYDEBUG /SUBSYSTEM:WINDOWS /TLBID:1 /ENTRY:"main" /DYNAMICBASE /FIXED:NO /NXCOMPAT /MACHINE:X86 Debug\app.res
         Debug\AssemblyInfo.obj
         Debug\D3DObject.obj
         Debug\Direct3DEngine.obj
         Debug\IRender.obj
         Debug\Map.obj
         Debug\Map_Ground.obj
         Debug\Mario.obj
         Debug\stdafx.obj
         "Debug\.NETFramework,Version=v4.5.AssemblyAttributes.obj"
         Direct3DEngine.vcxproj -> E:\1_Programming\gameDirectX\Direct3DEngine\Debug\Direct3DEngine.exe
     1>Done Building Project "E:\1_Programming\gameDirectX\Direct3DEngine\Direct3DEngine\Direct3DEngine.vcxproj" (Build target(s)).

Build succeeded.

Time Elapsed 00:00:16.89
