Build started 17.04.2013 10:42:40.
     1>Project "E:\1_Programming\gameDirectX\Direct3DEngine\Direct3DEngine\Direct3DEngine.vcxproj" on node 2 (Build target(s)).
     1>ClCompile:
         C:\Program Files (x86)\Microsoft Visual Studio 11.0\VC\bin\CL.exe /c /AI"C:\Program Files (x86)\Reference Assemblies\Microsoft\Framework\.NETFramework\v4.5\\" /AI"C:\Program Files (x86)\Windows Kits\8.0\References\CommonConfiguration\Neutral" /AI"C:\Program Files (x86)\Reference Assemblies\Microsoft\Framework\.NETFramework\v4.5\Facades\\" /Zi /clr:pure /nologo /W3 /WX- /O2 /Oy- /D WIN32 /D NDEBUG /D _UNICODE /D UNICODE /EHa /MD /GS /fp:precise /Zc:wchar_t /Zc:forScope /Yc"stdafx.h" /Fp"Release\Direct3DEngine.pch" /Fo"Release\\" /Fd"Release\vc110.pdb" /TP /FU"C:\Program Files (x86)\Reference Assemblies\Microsoft\Framework\.NETFramework\v4.5\mscorlib.dll" /FU"C:\Program Files (x86)\Reference Assemblies\Microsoft\Framework\.NETFramework\v4.5\System.Data.dll" /FU"C:\Program Files (x86)\Reference Assemblies\Microsoft\Framework\.NETFramework\v4.5\System.dll" /FU"C:\Program Files (x86)\Reference Assemblies\Microsoft\Framework\.NETFramework\v4.5\System.Drawing.dll" /FU"C:\Program Files (x86)\Reference Assemblies\Microsoft\Framework\.NETFramework\v4.5\System.Windows.Forms.dll" /FU"C:\Program Files (x86)\Reference Assemblies\Microsoft\Framework\.NETFramework\v4.5\System.Xml.dll" /analyze- /errorReport:prompt /clr:nostdlib stdafx.cpp
         stdafx.cpp
         C:\Program Files (x86)\Microsoft Visual Studio 11.0\VC\bin\CL.exe /c /AI"C:\Program Files (x86)\Reference Assemblies\Microsoft\Framework\.NETFramework\v4.5\\" /AI"C:\Program Files (x86)\Windows Kits\8.0\References\CommonConfiguration\Neutral" /AI"C:\Program Files (x86)\Reference Assemblies\Microsoft\Framework\.NETFramework\v4.5\Facades\\" /Zi /clr:pure /nologo /W3 /WX- /O2 /Oy- /D WIN32 /D NDEBUG /D _UNICODE /D UNICODE /EHa /MD /GS /fp:precise /Zc:wchar_t /Zc:forScope /Yu"stdafx.h" /Fp"Release\Direct3DEngine.pch" /Fo"Release\\" /Fd"Release\vc110.pdb" /TP /FU"C:\Program Files (x86)\Reference Assemblies\Microsoft\Framework\.NETFramework\v4.5\mscorlib.dll" /FU"C:\Program Files (x86)\Reference Assemblies\Microsoft\Framework\.NETFramework\v4.5\System.Data.dll" /FU"C:\Program Files (x86)\Reference Assemblies\Microsoft\Framework\.NETFramework\v4.5\System.dll" /FU"C:\Program Files (x86)\Reference Assemblies\Microsoft\Framework\.NETFramework\v4.5\System.Drawing.dll" /FU"C:\Program Files (x86)\Reference Assemblies\Microsoft\Framework\.NETFramework\v4.5\System.Windows.Forms.dll" /FU"C:\Program Files (x86)\Reference Assemblies\Microsoft\Framework\.NETFramework\v4.5\System.Xml.dll" /analyze- /errorReport:prompt /clr:nostdlib AssemblyInfo.cpp Direct3DEngine.cpp
         AssemblyInfo.cpp
         Direct3DEngine.cpp
         C:\Program Files (x86)\Microsoft Visual Studio 11.0\VC\include\dinput.h: DIRECTINPUT_VERSION undefined. Defaulting to version 0x0800
     1>e:\1_programming\gamedirectx\direct3dengine\direct3dengine\Mario.cpp(28): warning C4305: -=: усечение из "double" к "float"
     1>c:\program files (x86)\microsoft visual studio 11.0\vc\include\dxgitype.h(12): warning C4005: DXGI_STATUS_OCCLUDED: изменение макроопределения
                 C:\Program Files (x86)\Windows Kits\8.0\Include\shared\winerror.h(49449): см. предыдущее определение "DXGI_STATUS_OCCLUDED"
     1>c:\program files (x86)\microsoft visual studio 11.0\vc\include\dxgitype.h(13): warning C4005: DXGI_STATUS_CLIPPED: изменение макроопределения
                 C:\Program Files (x86)\Windows Kits\8.0\Include\shared\winerror.h(49458): см. предыдущее определение "DXGI_STATUS_CLIPPED"
     1>c:\program files (x86)\microsoft visual studio 11.0\vc\include\dxgitype.h(14): warning C4005: DXGI_STATUS_NO_REDIRECTION: изменение макроопределения
                 C:\Program Files (x86)\Windows Kits\8.0\Include\shared\winerror.h(49467): см. предыдущее определение "DXGI_STATUS_NO_REDIRECTION"
     1>c:\program files (x86)\microsoft visual studio 11.0\vc\include\dxgitype.h(15): warning C4005: DXGI_STATUS_NO_DESKTOP_ACCESS: изменение макроопределения
                 C:\Program Files (x86)\Windows Kits\8.0\Include\shared\winerror.h(49476): см. предыдущее определение "DXGI_STATUS_NO_DESKTOP_ACCESS"
     1>c:\program files (x86)\microsoft visual studio 11.0\vc\include\dxgitype.h(16): warning C4005: DXGI_STATUS_GRAPHICS_VIDPN_SOURCE_IN_USE: изменение макроопределения
                 C:\Program Files (x86)\Windows Kits\8.0\Include\shared\winerror.h(49485): см. предыдущее определение "DXGI_STATUS_GRAPHICS_VIDPN_SOURCE_IN_USE"
     1>c:\program files (x86)\microsoft visual studio 11.0\vc\include\dxgitype.h(17): warning C4005: DXGI_STATUS_MODE_CHANGED: изменение макроопределения
                 C:\Program Files (x86)\Windows Kits\8.0\Include\shared\winerror.h(49494): см. предыдущее определение "DXGI_STATUS_MODE_CHANGED"
     1>c:\program files (x86)\microsoft visual studio 11.0\vc\include\dxgitype.h(18): warning C4005: DXGI_STATUS_MODE_CHANGE_IN_PROGRESS: изменение макроопределения
                 C:\Program Files (x86)\Windows Kits\8.0\Include\shared\winerror.h(49503): см. предыдущее определение "DXGI_STATUS_MODE_CHANGE_IN_PROGRESS"
     1>c:\program files (x86)\microsoft visual studio 11.0\vc\include\dxgitype.h(21): warning C4005: DXGI_ERROR_INVALID_CALL: изменение макроопределения
                 C:\Program Files (x86)\Windows Kits\8.0\Include\shared\winerror.h(49518): см. предыдущее определение "DXGI_ERROR_INVALID_CALL"
     1>c:\program files (x86)\microsoft visual studio 11.0\vc\include\dxgitype.h(22): warning C4005: DXGI_ERROR_NOT_FOUND: изменение макроопределения
                 C:\Program Files (x86)\Windows Kits\8.0\Include\shared\winerror.h(49527): см. предыдущее определение "DXGI_ERROR_NOT_FOUND"
     1>c:\program files (x86)\microsoft visual studio 11.0\vc\include\dxgitype.h(23): warning C4005: DXGI_ERROR_MORE_DATA: изменение макроопределения
                 C:\Program Files (x86)\Windows Kits\8.0\Include\shared\winerror.h(49536): см. предыдущее определение "DXGI_ERROR_MORE_DATA"
     1>c:\program files (x86)\microsoft visual studio 11.0\vc\include\dxgitype.h(24): warning C4005: DXGI_ERROR_UNSUPPORTED: изменение макроопределения
                 C:\Program Files (x86)\Windows Kits\8.0\Include\shared\winerror.h(49545): см. предыдущее определение "DXGI_ERROR_UNSUPPORTED"
     1>c:\program files (x86)\microsoft visual studio 11.0\vc\include\dxgitype.h(25): warning C4005: DXGI_ERROR_DEVICE_REMOVED: изменение макроопределения
                 C:\Program Files (x86)\Windows Kits\8.0\Include\shared\winerror.h(49554): см. предыдущее определение "DXGI_ERROR_DEVICE_REMOVED"
     1>c:\program files (x86)\microsoft visual studio 11.0\vc\include\dxgitype.h(26): warning C4005: DXGI_ERROR_DEVICE_HUNG: изменение макроопределения
                 C:\Program Files (x86)\Windows Kits\8.0\Include\shared\winerror.h(49563): см. предыдущее определение "DXGI_ERROR_DEVICE_HUNG"
     1>c:\program files (x86)\microsoft visual studio 11.0\vc\include\dxgitype.h(27): warning C4005: DXGI_ERROR_DEVICE_RESET: изменение макроопределения
                 C:\Program Files (x86)\Windows Kits\8.0\Include\shared\winerror.h(49573): см. предыдущее определение "DXGI_ERROR_DEVICE_RESET"
     1>c:\program files (x86)\microsoft visual studio 11.0\vc\include\dxgitype.h(28): warning C4005: DXGI_ERROR_WAS_STILL_DRAWING: изменение макроопределения
                 C:\Program Files (x86)\Windows Kits\8.0\Include\shared\winerror.h(49582): см. предыдущее определение "DXGI_ERROR_WAS_STILL_DRAWING"
     1>c:\program files (x86)\microsoft visual studio 11.0\vc\include\dxgitype.h(29): warning C4005: DXGI_ERROR_FRAME_STATISTICS_DISJOINT: изменение макроопределения
                 C:\Program Files (x86)\Windows Kits\8.0\Include\shared\winerror.h(49592): см. предыдущее определение "DXGI_ERROR_FRAME_STATISTICS_DISJOINT"
     1>c:\program files (x86)\microsoft visual studio 11.0\vc\include\dxgitype.h(30): warning C4005: DXGI_ERROR_GRAPHICS_VIDPN_SOURCE_IN_USE: изменение макроопределения
                 C:\Program Files (x86)\Windows Kits\8.0\Include\shared\winerror.h(49601): см. предыдущее определение "DXGI_ERROR_GRAPHICS_VIDPN_SOURCE_IN_USE"
     1>c:\program files (x86)\microsoft visual studio 11.0\vc\include\dxgitype.h(31): warning C4005: DXGI_ERROR_DRIVER_INTERNAL_ERROR: изменение макроопределения
                 C:\Program Files (x86)\Windows Kits\8.0\Include\shared\winerror.h(49611): см. предыдущее определение "DXGI_ERROR_DRIVER_INTERNAL_ERROR"
     1>c:\program files (x86)\microsoft visual studio 11.0\vc\include\dxgitype.h(32): warning C4005: DXGI_ERROR_NONEXCLUSIVE: изменение макроопределения
                 C:\Program Files (x86)\Windows Kits\8.0\Include\shared\winerror.h(49620): см. предыдущее определение "DXGI_ERROR_NONEXCLUSIVE"
     1>c:\program files (x86)\microsoft visual studio 11.0\vc\include\dxgitype.h(33): warning C4005: DXGI_ERROR_NOT_CURRENTLY_AVAILABLE: изменение макроопределения
                 C:\Program Files (x86)\Windows Kits\8.0\Include\shared\winerror.h(49629): см. предыдущее определение "DXGI_ERROR_NOT_CURRENTLY_AVAILABLE"
     1>c:\program files (x86)\microsoft visual studio 11.0\vc\include\dxgitype.h(34): warning C4005: DXGI_ERROR_REMOTE_CLIENT_DISCONNECTED: изменение макроопределения
                 C:\Program Files (x86)\Windows Kits\8.0\Include\shared\winerror.h(49639): см. предыдущее определение "DXGI_ERROR_REMOTE_CLIENT_DISCONNECTED"
     1>c:\program files (x86)\microsoft visual studio 11.0\vc\include\dxgitype.h(35): warning C4005: DXGI_ERROR_REMOTE_OUTOFMEMORY: изменение макроопределения
                 C:\Program Files (x86)\Windows Kits\8.0\Include\shared\winerror.h(49648): см. предыдущее определение "DXGI_ERROR_REMOTE_OUTOFMEMORY"
     1>e:\1_programming\gamedirectx\direct3dengine\direct3dengine\D3DObject.cpp(19): warning C4244: =: преобразование "int" в "float", возможна потеря данных
     1>e:\1_programming\gamedirectx\direct3dengine\direct3dengine\D3DObject.cpp(71): warning C4244: инициализация: преобразование "ULONGLONG" в "unsigned long", возможна потеря данных
     1>e:\1_programming\gamedirectx\direct3dengine\direct3dengine\Form1.h(116): warning C4244: инициализация: преобразование "ULONGLONG" в "unsigned long", возможна потеря данных
     1>e:\1_programming\gamedirectx\direct3dengine\direct3dengine\Form1.h(123): warning C4244: инициализация: преобразование "ULONGLONG" в "unsigned long", возможна потеря данных
     1>e:\1_programming\gamedirectx\direct3dengine\direct3dengine\Form1.h(207): warning C4244: =: преобразование "ULONGLONG" в "unsigned long", возможна потеря данных
     1>e:\1_programming\gamedirectx\direct3dengine\direct3dengine\Form1.h(220): warning C4244: инициализация: преобразование "ULONGLONG" в "unsigned long", возможна потеря данных
     1>e:\1_programming\gamedirectx\direct3dengine\direct3dengine\Form1.h(275): warning C4244: +=: преобразование "float" в "int", возможна потеря данных
     1>e:\1_programming\gamedirectx\direct3dengine\direct3dengine\Form1.h(171): warning C4101: hr: неиспользованная локальная переменная
         Создание кода...
         C:\Program Files (x86)\Microsoft Visual Studio 11.0\VC\bin\CL.exe /c /Zi /clr:pure /nologo /W3 /WX- /O2 /Oy- /D WIN32 /D NDEBUG /D _UNICODE /D UNICODE /EHa /MD /GS /fp:precise /Zc:wchar_t /Zc:forScope /Fo"Release\\" /Fd"Release\vc110.pdb" /TP /analyze- /errorReport:prompt "C:\Users\Юрій\AppData\Local\Temp\.NETFramework,Version=v4.5.AssemblyAttributes.cpp"
         .NETFramework,Version=v4.5.AssemblyAttributes.cpp
       ResourceCompile:
         C:\Program Files (x86)\Windows Kits\8.0\bin\x86\rc.exe /D _UNICODE /D UNICODE /l"0x0409" /nologo /fo"Release\app.res" app.rc 
       Link:
         C:\Program Files (x86)\Microsoft Visual Studio 11.0\VC\bin\link.exe /ERRORREPORT:PROMPT /OUT:"E:\1_Programming\gameDirectX\Direct3DEngine\Release\Direct3DEngine.exe" /INCREMENTAL:NO /NOLOGO /ASSEMBLYRESOURCE:Release\Direct3DEngine.Form1.resources /MANIFEST /MANIFESTUAC:"level='asInvoker' uiAccess='false'" /manifest:embed /DEBUG /PDB:"E:\1_Programming\gameDirectX\Direct3DEngine\Release\Direct3DEngine.pdb" /SUBSYSTEM:WINDOWS /TLBID:1 /ENTRY:"main" /DYNAMICBASE /FIXED:NO /NXCOMPAT /MACHINE:X86 /SAFESEH Release\app.res
         Release\AssemblyInfo.obj
         Release\Direct3DEngine.obj
         Release\stdafx.obj
         "Release\.NETFramework,Version=v4.5.AssemblyAttributes.obj"
     1>Direct3DEngine.obj : error LNK2028: ссылка на неразрешенную лексему (0A000020) "extern "C" int __stdcall GetKeyboardState(unsigned char *)" (?GetKeyboardState@@$$J14YGHPAE@Z) в функции "private: void __clrcall Direct3DEngine::Form1::RespondToKeyPress(void)" (?RespondToKeyPress@Form1@Direct3DEngine@@$$FA$AAMXXZ)
     1>Direct3DEngine.obj : error LNK2028: ссылка на неразрешенную лексему (0A000056) "extern "C" int __stdcall ValidateRect(struct HWND__ *,struct tagRECT const *)" (?ValidateRect@@$$J18YGHPAUHWND__@@PBUtagRECT@@@Z) в функции "public: static long __clrcall D3DObject::MsgProc(struct HWND__ *,unsigned int,unsigned int,long)" (?MsgProc@D3DObject@@$$FSMJPAUHWND__@@IIJ@Z)
     1>Direct3DEngine.obj : error LNK2028: ссылка на неразрешенную лексему (0A000057) "extern "C" long __stdcall DefWindowProcW(struct HWND__ *,unsigned int,unsigned int,long)" (?DefWindowProcW@@$$J216YGJPAUHWND__@@IIJ@Z) в функции "public: static long __clrcall D3DObject::MsgProc(struct HWND__ *,unsigned int,unsigned int,long)" (?MsgProc@D3DObject@@$$FSMJPAUHWND__@@IIJ@Z)
     1>Direct3DEngine.obj : error LNK2028: ссылка на неразрешенную лексему (0A000058) "extern "C" void __stdcall PostQuitMessage(int)" (?PostQuitMessage@@$$J14YGXH@Z) в функции "public: static long __clrcall D3DObject::MsgProc(struct HWND__ *,unsigned int,unsigned int,long)" (?MsgProc@D3DObject@@$$FSMJPAUHWND__@@IIJ@Z)
     1>Direct3DEngine.obj : error LNK2028: ссылка на неразрешенную лексему (0A000059) "extern "C" int __stdcall TranslateMessage(struct tagMSG const *)" (?TranslateMessage@@$$J14YGHPBUtagMSG@@@Z) в функции "public: void __clrcall D3DObject::MessagePump(void)" (?MessagePump@D3DObject@@$$FQAMXXZ)
     1>Direct3DEngine.obj : error LNK2028: ссылка на неразрешенную лексему (0A00005A) "extern "C" int __stdcall PeekMessageW(struct tagMSG *,struct HWND__ *,unsigned int,unsigned int,unsigned int)" (?PeekMessageW@@$$J220YGHPAUtagMSG@@PAUHWND__@@III@Z) в функции "public: void __clrcall D3DObject::MessagePump(void)" (?MessagePump@D3DObject@@$$FQAMXXZ)
     1>Direct3DEngine.obj : error LNK2028: ссылка на неразрешенную лексему (0A00005D) "extern "C" int __stdcall UnregisterClassW(wchar_t const *,struct HINSTANCE__ *)" (?UnregisterClassW@@$$J18YGHPB_WPAUHINSTANCE__@@@Z) в функции "public: __clrcall D3DObject::~D3DObject(void)" (??1D3DObject@@$$FQAM@XZ)
     1>Direct3DEngine.obj : error LNK2028: ссылка на неразрешенную лексему (0A00011B) "extern "C" int __stdcall MessageBoxW(struct HWND__ *,wchar_t const *,wchar_t const *,unsigned int)" (?MessageBoxW@@$$J216YGHPAUHWND__@@PB_W1I@Z) в функции "extern "C" int __clrcall MessageBox(struct HWND__ *,wchar_t const *,wchar_t const *,unsigned int)" (?MessageBox@@$$J0YMHPAUHWND__@@PB_W1I@Z)
     1>Direct3DEngine.obj : error LNK2028: ссылка на неразрешенную лексему (0A00011E) "extern "C" long __stdcall DispatchMessageW(struct tagMSG const *)" (?DispatchMessageW@@$$J14YGJPBUtagMSG@@@Z) в функции "extern "C" long __clrcall DispatchMessage(struct tagMSG const *)" (?DispatchMessage@@$$J0YMJPBUtagMSG@@@Z)
     1>Direct3DEngine.obj : error LNK2019: ссылка на неразрешенный внешний символ "extern "C" long __stdcall DispatchMessageW(struct tagMSG const *)" (?DispatchMessageW@@$$J14YGJPBUtagMSG@@@Z) в функции "extern "C" long __clrcall DispatchMessage(struct tagMSG const *)" (?DispatchMessage@@$$J0YMJPBUtagMSG@@@Z)
     1>Direct3DEngine.obj : error LNK2019: ссылка на неразрешенный внешний символ "extern "C" int __stdcall MessageBoxW(struct HWND__ *,wchar_t const *,wchar_t const *,unsigned int)" (?MessageBoxW@@$$J216YGHPAUHWND__@@PB_W1I@Z) в функции "extern "C" int __clrcall MessageBox(struct HWND__ *,wchar_t const *,wchar_t const *,unsigned int)" (?MessageBox@@$$J0YMHPAUHWND__@@PB_W1I@Z)
     1>Direct3DEngine.obj : error LNK2019: ссылка на неразрешенный внешний символ "extern "C" int __stdcall UnregisterClassW(wchar_t const *,struct HINSTANCE__ *)" (?UnregisterClassW@@$$J18YGHPB_WPAUHINSTANCE__@@@Z) в функции "public: __clrcall D3DObject::~D3DObject(void)" (??1D3DObject@@$$FQAM@XZ)
     1>Direct3DEngine.obj : error LNK2019: ссылка на неразрешенный внешний символ "extern "C" int __stdcall ValidateRect(struct HWND__ *,struct tagRECT const *)" (?ValidateRect@@$$J18YGHPAUHWND__@@PBUtagRECT@@@Z) в функции "public: static long __clrcall D3DObject::MsgProc(struct HWND__ *,unsigned int,unsigned int,long)" (?MsgProc@D3DObject@@$$FSMJPAUHWND__@@IIJ@Z)
     1>Direct3DEngine.obj : error LNK2019: ссылка на неразрешенный внешний символ "extern "C" long __stdcall DefWindowProcW(struct HWND__ *,unsigned int,unsigned int,long)" (?DefWindowProcW@@$$J216YGJPAUHWND__@@IIJ@Z) в функции "public: static long __clrcall D3DObject::MsgProc(struct HWND__ *,unsigned int,unsigned int,long)" (?MsgProc@D3DObject@@$$FSMJPAUHWND__@@IIJ@Z)
     1>Direct3DEngine.obj : error LNK2019: ссылка на неразрешенный внешний символ "extern "C" void __stdcall PostQuitMessage(int)" (?PostQuitMessage@@$$J14YGXH@Z) в функции "public: static long __clrcall D3DObject::MsgProc(struct HWND__ *,unsigned int,unsigned int,long)" (?MsgProc@D3DObject@@$$FSMJPAUHWND__@@IIJ@Z)
     1>Direct3DEngine.obj : error LNK2019: ссылка на неразрешенный внешний символ "extern "C" int __stdcall GetKeyboardState(unsigned char *)" (?GetKeyboardState@@$$J14YGHPAE@Z) в функции "private: void __clrcall Direct3DEngine::Form1::RespondToKeyPress(void)" (?RespondToKeyPress@Form1@Direct3DEngine@@$$FA$AAMXXZ)
     1>Direct3DEngine.obj : error LNK2019: ссылка на неразрешенный внешний символ "extern "C" int __stdcall PeekMessageW(struct tagMSG *,struct HWND__ *,unsigned int,unsigned int,unsigned int)" (?PeekMessageW@@$$J220YGHPAUtagMSG@@PAUHWND__@@III@Z) в функции "public: void __clrcall D3DObject::MessagePump(void)" (?MessagePump@D3DObject@@$$FQAMXXZ)
     1>Direct3DEngine.obj : error LNK2019: ссылка на неразрешенный внешний символ "extern "C" int __stdcall TranslateMessage(struct tagMSG const *)" (?TranslateMessage@@$$J14YGHPBUtagMSG@@@Z) в функции "public: void __clrcall D3DObject::MessagePump(void)" (?MessagePump@D3DObject@@$$FQAMXXZ)
     1>E:\1_Programming\gameDirectX\Direct3DEngine\Release\Direct3DEngine.exe : fatal error LNK1120: неразрешенных внешних элементов: 18
     1>Done Building Project "E:\1_Programming\gameDirectX\Direct3DEngine\Direct3DEngine\Direct3DEngine.vcxproj" (Build target(s)) -- FAILED.

Build FAILED.

Time Elapsed 00:00:19.54
